<?xml version="1.0" encoding="UTF-8"?>
<!-- Generated by org.testng.reporters.JUnitReportReporter -->
<testsuite hostname="Akash" failures="0" tests="1" name="runner.TestRunner" time="2.807" errors="0" timestamp="2024-02-26T20:48:20 IST" skipped="0">
  <testcase classname="runner.TestRunner" name="runScenario" time="2.807"/>
</testsuite> <!-- runner.TestRunner -->
